20220909 132400.809 INFO             PET0 !!!!!!!!!!!!!!!!!!!!!!!!!!!!!!!!!!!!!!!!!!!!!!!!!!!!!!
20220909 132400.809 INFO             PET0 !!! THE ESMF_LOG IS SET TO OUTPUT ALL LOG MESSAGES !!!
20220909 132400.809 INFO             PET0 !!!     THIS MAY CAUSE SLOWDOWN IN PERFORMANCE     !!!
20220909 132400.809 INFO             PET0 !!! FOR PRODUCTION RUNS, USE:                      !!!
20220909 132400.809 INFO             PET0 !!!                   ESMF_LOGKIND_Multi_On_Error  !!!
20220909 132400.809 INFO             PET0 !!!!!!!!!!!!!!!!!!!!!!!!!!!!!!!!!!!!!!!!!!!!!!!!!!!!!!
20220909 132400.809 INFO             PET0 Running with ESMF Version   : 8.2.0
20220909 132400.809 INFO             PET0 ESMF library build date/time: "Oct 27 2021" "16:27:17"
20220909 132400.809 INFO             PET0 ESMF library build location : /home/conda/feedstock_root/build_artifacts/esmf_1635351180415/work
20220909 132400.809 INFO             PET0 ESMF_COMM                   : mpich3
20220909 132400.810 INFO             PET0 ESMF_MOAB                   : enabled
20220909 132400.810 INFO             PET0 ESMF_LAPACK                 : enabled
20220909 132400.810 INFO             PET0 ESMF_NETCDF                 : enabled
20220909 132400.810 INFO             PET0 ESMF_PNETCDF                : disabled
20220909 132400.810 INFO             PET0 ESMF_PIO                    : enabled
20220909 132400.810 INFO             PET0 ESMF_YAMLCPP                : enabled
20220909 132400.811 INFO             PET0 Finalizing ESMF
20220909 132524.706 INFO             PET0 !!!!!!!!!!!!!!!!!!!!!!!!!!!!!!!!!!!!!!!!!!!!!!!!!!!!!!
20220909 132524.706 INFO             PET0 !!! THE ESMF_LOG IS SET TO OUTPUT ALL LOG MESSAGES !!!
20220909 132524.706 INFO             PET0 !!!     THIS MAY CAUSE SLOWDOWN IN PERFORMANCE     !!!
20220909 132524.706 INFO             PET0 !!! FOR PRODUCTION RUNS, USE:                      !!!
20220909 132524.706 INFO             PET0 !!!                   ESMF_LOGKIND_Multi_On_Error  !!!
20220909 132524.706 INFO             PET0 !!!!!!!!!!!!!!!!!!!!!!!!!!!!!!!!!!!!!!!!!!!!!!!!!!!!!!
20220909 132524.706 INFO             PET0 Running with ESMF Version   : 8.2.0
20220909 132524.706 INFO             PET0 ESMF library build date/time: "Oct 27 2021" "16:27:17"
20220909 132524.706 INFO             PET0 ESMF library build location : /home/conda/feedstock_root/build_artifacts/esmf_1635351180415/work
20220909 132524.706 INFO             PET0 ESMF_COMM                   : mpich3
20220909 132524.706 INFO             PET0 ESMF_MOAB                   : enabled
20220909 132524.706 INFO             PET0 ESMF_LAPACK                 : enabled
20220909 132524.706 INFO             PET0 ESMF_NETCDF                 : enabled
20220909 132524.706 INFO             PET0 ESMF_PNETCDF                : disabled
20220909 132524.706 INFO             PET0 ESMF_PIO                    : enabled
20220909 132524.706 INFO             PET0 ESMF_YAMLCPP                : enabled
20220909 132600.983 INFO             PET0 Finalizing ESMF
